<?xml version="1.0" encoding="UTF-8"?>
<!-- Generated by org.testng.reporters.JUnitReportReporter -->
<testsuite hostname="DESKTOP-ISADT93" failures="0" tests="2" name="com.KeywordDriven" time="4.861" errors="0" timestamp="2022-10-20T14:17:22 IST" skipped="0">
  <testcase classname="com.KeywordDriven" name="test" time="0.442"/>
  <system-out/>
  <testcase classname="com.KeywordDriven" name="test" time="4.419"/>
  <system-out/>
</testsuite> <!-- com.KeywordDriven -->
