<?xml version="1.0" encoding="UTF-8"?>
<!-- Generated by org.testng.reporters.JUnitReportReporter -->
<testsuite hostname="DESKTOP-ISADT93" failures="0" tests="5" name="com.Datadriven" time="11.083" errors="0" timestamp="2022-10-20T14:05:26 IST" skipped="0">
  <testcase classname="com.Datadriven" name="test" time="2.196"/>
  <system-out/>
  <testcase classname="com.Datadriven" name="test" time="2.222"/>
  <system-out/>
  <testcase classname="com.Datadriven" name="test" time="2.205"/>
  <system-out/>
  <testcase classname="com.Datadriven" name="test" time="2.207"/>
  <system-out/>
  <testcase classname="com.Datadriven" name="test" time="2.253"/>
  <system-out/>
</testsuite> <!-- com.Datadriven -->
