<?xml version="1.0" encoding="UTF-8"?>
<!-- Generated by org.testng.reporters.JUnitReportReporter -->
<testsuite hostname="DESKTOP-ISADT93" failures="0" tests="6" name="com.T001_Bank" time="0.049" errors="0" timestamp="2022-10-11T14:04:11 IST" skipped="0">
  <testcase classname="com.T001_Bank" name="deposite" time="0.017"/>
  <system-out/>
  <testcase classname="com.T001_Bank" name="widrow" time="0.004"/>
  <system-out/>
  <testcase classname="com.T001_Bank" name="deposite" time="0.008"/>
  <system-out/>
  <testcase classname="com.T001_Bank" name="getBalance" time="0.006"/>
  <system-out/>
  <testcase classname="com.T001_Bank" name="getBalance" time="0.008"/>
  <system-out/>
  <testcase classname="com.T001_Bank" name="widrow" time="0.006"/>
  <system-out/>
</testsuite> <!-- com.T001_Bank -->
