<?xml version="1.0" encoding="UTF-8"?>
<!-- Generated by org.testng.reporters.JUnitReportReporter -->
<testsuite hostname="DESKTOP-ISADT93" failures="0" tests="4" name="parameters.P002_loginTestPara" time="0.818" errors="0" timestamp="2022-10-13T13:37:59 IST" skipped="0">
  <testcase classname="parameters.P002_loginTestPara" name="test" time="0.192"/>
  <system-out/>
  <testcase classname="parameters.P002_loginTestPara" name="test" time="0.238"/>
  <system-out/>
  <testcase classname="parameters.P002_loginTestPara" name="test" time="0.197"/>
  <system-out/>
  <testcase classname="parameters.P002_loginTestPara" name="test" time="0.191"/>
  <system-out/>
</testsuite> <!-- parameters.P002_loginTestPara -->
