<?xml version="1.0" encoding="UTF-8"?>
<!-- Generated by org.testng.reporters.JUnitReportReporter -->
<testsuite hostname="DESKTOP-ISADT93" failures="0" tests="6" name="com.T002_Payment" time="0.036" errors="0" timestamp="2022-10-11T14:04:11 IST" skipped="0">
  <testcase classname="com.T002_Payment" name="cod" time="0.005"/>
  <system-out/>
  <testcase classname="com.T002_Payment" name="creditCard" time="0.004"/>
  <system-out/>
  <testcase classname="com.T002_Payment" name="debitCard" time="0.003"/>
  <system-out/>
  <testcase classname="com.T002_Payment" name="cod" time="0.017"/>
  <system-out/>
  <testcase classname="com.T002_Payment" name="creditCard" time="0.003"/>
  <system-out/>
  <testcase classname="com.T002_Payment" name="debitCard" time="0.004"/>
  <system-out/>
</testsuite> <!-- com.T002_Payment -->
