<?xml version="1.0" encoding="UTF-8"?>
<!-- Generated by org.testng.reporters.JUnitReportReporter -->
<testsuite hostname="DESKTOP-ISADT93" failures="0" tests="6" name="com.T003_MyWeb" time="0.026" errors="0" timestamp="2022-10-11T14:04:11 IST" skipped="0">
  <testcase classname="com.T003_MyWeb" name="logout" time="0.002"/>
  <system-out/>
  <testcase classname="com.T003_MyWeb" name="login" time="0.003"/>
  <system-out/>
  <testcase classname="com.T003_MyWeb" name="login" time="0.005"/>
  <system-out/>
  <testcase classname="com.T003_MyWeb" name="logout" time="0.002"/>
  <system-out/>
  <testcase classname="com.T003_MyWeb" name="home" time="0.007"/>
  <system-out/>
  <testcase classname="com.T003_MyWeb" name="home" time="0.007"/>
  <system-out/>
</testsuite> <!-- com.T003_MyWeb -->
