<?xml version="1.0" encoding="UTF-8"?>
<!-- Generated by org.testng.reporters.JUnitReportReporter -->
<testsuite hostname="DESKTOP-ISADT93" failures="0" tests="3" name="dependency.MyTest" time="0.019" errors="0" timestamp="2022-10-13T13:48:18 IST" skipped="0">
  <testcase classname="dependency.MyTest" name="logintest" time="0.015"/>
  <system-out/>
  <testcase classname="dependency.MyTest" name="home" time="0.002"/>
  <system-out/>
  <testcase classname="dependency.MyTest" name="logout" time="0.002"/>
  <system-out/>
</testsuite> <!-- dependency.MyTest -->
